<?xml version="1.0" encoding="UTF-8"?>
<!-- Generated by org.testng.reporters.JUnitReportReporter -->
<testsuite hostname="DESKTOP-5OA9UT6" failures="0" tests="1" name="logintstcases.LoginTstCases" time="2.943" errors="0" timestamp="2024-04-07T23:10:11 IST" skipped="0">
  <testcase classname="logintstcases.LoginTstCases" name="logintestcase" time="2.943"/>
</testsuite> <!-- logintstcases.LoginTstCases -->
